11:50:19:064 [http-nio-8080-exec-1] INFO  l.i.s.controller.HealthController - Spring POS API is running
10:38:54:888 [http-nio-8080-exec-2] INFO  l.i.s.controller.HealthController - Spring POS API is running
10:51:07:567 [http-nio-8080-exec-5] INFO  l.i.s.controller.HealthController - Spring POS API is running
23:57:20:944 [http-nio-8080-exec-3] INFO  l.i.s.controller.HealthController - Spring POS API is running
00:00:00:232 [http-nio-8080-exec-6] INFO  l.i.s.controller.HealthController - Customer saved : CustomerDTO(customerId=C001, firstName=Pesala, lastName=Winodith, name=Pesala Winodith, address=Galle, email=Pesalax@gmail.com, mobile=740996354, registerDateTime=2024-10-14T23:59:59.633113200)
00:12:50:132 [http-nio-8080-exec-2] INFO  l.i.s.controller.HealthController - Customer saved : CustomerDTO(customerId=C002, firstName=Pesala, lastName=Winodith, name=Pesala Winodith, address=Galle, email=Pesalax@gmail.com, mobile=740996354, registerDateTime=2024-10-15T00:12:49.692756600)
00:14:45:283 [http-nio-8080-exec-4] INFO  l.i.s.controller.HealthController - Customer saved : CustomerDTO(customerId=C003, firstName=Pesala, lastName=Winodith, name=Pesala Winodith, address=Galle, email=Pesalax@gmail.com, mobile=740996354, registerDateTime=2024-10-15T00:14:45.253182)
00:43:27:732 [http-nio-8080-exec-3] INFO  l.i.s.controller.HealthController - Customer updated : CustomerDTO(customerId=null, firstName=Usal, lastName=Winodith, name=null, address=Galle, email=usalw@gmail.com, mobile=719496633, lastUpdatedAt=null)
00:57:09:406 [http-nio-8080-exec-1] INFO  l.i.s.controller.HealthController - Customer updated : CustomerDTO(customerId=null, firstName=Usal, lastName=Winodith, name=null, address=Galle, email=usalw@gmail.com, mobile=719496633, lastUpdatedAt=null)
00:59:42:711 [http-nio-8080-exec-5] INFO  l.i.s.controller.HealthController - Customer updated : CustomerDTO(customerId=null, firstName=Usal, lastName=Winodith, name=null, address=Galle, email=usalw@gmail.com, mobile=719496633, lastUpdatedAt=null)
01:00:24:194 [http-nio-8080-exec-8] INFO  l.i.s.controller.HealthController - Customer updated : CustomerDTO(customerId=null, firstName=Sandun, lastName=Dilshan, name=null, address=Colombo, email=sandun@gmail.com, mobile=762357995, lastUpdatedAt=null)
01:01:36:841 [http-nio-8080-exec-2] INFO  l.i.s.controller.HealthController - Customer updated : CustomerDTO(customerId=null, firstName=Sandun, lastName=Dilshan, name=null, address=Colombo, email=sandun@gmail.com, mobile=762357995, lastUpdatedAt=null)
01:05:28:406 [http-nio-8080-exec-5] INFO  l.i.s.controller.HealthController - Customer saved : CustomerDTO(customerId=C004, firstName=Chamud, lastName=Shakeen, name=Chamud Shakeen, address=Galle, email=Chamud12gmail.com, mobile=912269633, lastUpdatedAt=2024-10-15T01:05:28.125320500)
01:08:25:831 [http-nio-8080-exec-8] INFO  l.i.s.controller.HealthController - Customer updated : CustomerDTO(customerId=null, firstName=Chamud, lastName=Shakeen, name=null, address=Galle, email=Chamud@gmail.com, mobile=912269633, lastUpdatedAt=null)
01:09:37:468 [http-nio-8080-exec-10] INFO  l.i.s.controller.HealthController - Customer deleted : C004
01:11:35:664 [http-nio-8080-exec-4] INFO  l.i.s.controller.HealthController - Spring POS API is running
01:13:14:713 [http-nio-8080-exec-4] INFO  l.i.s.controller.HealthController - Customer deleted : C003
09:12:47:856 [http-nio-8080-exec-3] INFO  l.i.s.controller.HealthController - Spring POS API is running
09:13:30:658 [http-nio-8080-exec-5] INFO  l.i.s.controller.HealthController - Customer saved : CustomerDTO(customerId=C001, firstName=Pesala, lastName=Winodith, name=Pesala Winodith, address=Galle, email=Pesalax@gmail.com, mobile=740996354, lastUpdatedAt=2024-10-16T09:13:30.265890400)
09:18:12:520 [http-nio-8080-exec-1] INFO  l.i.s.controller.HealthController - Customer saved : CustomerDTO(customerId=C002, firstName=Usal, lastName=Winodith, name=Usal Winodith, address=Galle, email=usal@gmail.com, mobile=710666354, lastUpdatedAt=2024-10-16T09:18:12.502876)
09:19:05:132 [http-nio-8080-exec-4] INFO  l.i.s.controller.HealthController - Customer saved : CustomerDTO(customerId=C003, firstName=Chamud, lastName=Shakeen, name=Chamud Shakeen, address=Galle, email=Chamud@gmail.com, mobile=710666333, lastUpdatedAt=2024-10-16T09:19:05.117020800)
09:20:55:035 [http-nio-8080-exec-7] INFO  l.i.s.controller.HealthController - Customer saved : CustomerDTO(customerId=C004, firstName=Maleesha, lastName=Vilopika, name=Maleesha Vilopika, address=Hikkaduwa, email=maleeshalhmv@gmail.com, mobile=750555333, lastUpdatedAt=2024-10-16T09:20:55.024339)
09:22:01:929 [http-nio-8080-exec-10] INFO  l.i.s.controller.HealthController - Customer saved : CustomerDTO(customerId=C005, firstName=Sandun, lastName=Dilshan, name=Sandun Dilshan, address=Yakkalamulla, email=sandundil@gmail.com, mobile=750555222, lastUpdatedAt=2024-10-16T09:22:01.915816400)
09:22:57:188 [http-nio-8080-exec-2] INFO  l.i.s.controller.HealthController - Customer saved : CustomerDTO(customerId=C006, firstName=Naveen, lastName=Theekshana, name=Naveen Theekshana, address=Yakkalamulla, email=Naveenrox@gmail.com, mobile=721555222, lastUpdatedAt=2024-10-16T09:22:57.173892800)
09:24:33:855 [http-nio-8080-exec-5] INFO  l.i.s.controller.HealthController - Customer updated : CustomerDTO(customerId=null, firstName=Usal, lastName=Winodith, name=null, address=Mapalagama, email=usalwinodith@gmail.com, mobile=912269633, lastUpdatedAt=null)
09:25:02:343 [http-nio-8080-exec-8] INFO  l.i.s.controller.HealthController - Customer updated : CustomerDTO(customerId=null, firstName=Usal, lastName=Winodith, name=null, address=Mapalagama, email=usalwinoh@gmail.com, mobile=912269633, lastUpdatedAt=null)
09:26:20:628 [http-nio-8080-exec-3] INFO  l.i.s.controller.HealthController - Customer updated : CustomerDTO(customerId=null, firstName=Usal, lastName=Winodith, name=null, address=Mapalagama, email=usalwinoh@gmail.com, mobile=712269633, lastUpdatedAt=null)
09:28:40:703 [http-nio-8080-exec-6] INFO  l.i.s.controller.HealthController - Customer deleted : C005
09:30:08:020 [http-nio-8080-exec-10] INFO  l.i.s.controller.HealthController - Customer deleted : C005
09:39:16:028 [http-nio-8080-exec-1] INFO  l.i.s.controller.HealthController - Customer deleted : C005
20:45:37:354 [http-nio-8080-exec-2] INFO  l.i.s.controller.ItemController - Item updated : ItemDTO(itemCode=null, category=Monster EnergyDrink, unitPrice=250.0, qtyOnHand=10, registerDate=null, expireDate=2026-12-20)
21:08:18:824 [http-nio-8080-exec-7] INFO  l.i.s.controller.ItemController - Item deleted : I001
21:45:12:177 [http-nio-8080-exec-3] INFO  l.i.s.controller.OrderController - Order saved : OrderDTO(orderId=O001, customerId=C003, orderDetails=[OrderDetailDTO(orderId=null, itemCode=I002, qty=2, unitPrice=200.0, total=0.0), OrderDetailDTO(orderId=null, itemCode=I003, qty=7, unitPrice=50.0, total=0.0)], orderDateTime=2024-10-16T21:45:11.702982700, total=750.0, paymentMethod=cash)
